build/app/outputs/mapping/release/mapping.txt
# compiler: R8
# compiler_version: 1.5.64
# min_api: 16
# pg_map_id: 15e3718
com.example.iostudy.MainActivity -> com.example.iostudy.MainActivity:
    void configureFlutterEngine(io.flutter.embedding.engine.FlutterEngine) -> b
...
com.google.android.gms.internal.firebase_auth.zzek -> b.a.a.a.e.d.k2:
com.google.android.gms.internal.firebase_auth.zzel -> b.a.a.a.e.d.l2:
com.google.android.gms.internal.firebase_auth.zzem -> b.a.a.a.e.d.m2:
    com.google.android.gms.internal.firebase_auth.zzfw zze -> e
    java.util.List zzf -> f
    java.lang.String zza -> a
    java.lang.String zzc -> c
    boolean zzb -> b
    boolean zzd -> d
    java.util.List zzb() -> g
com.google.android.gms.internal.firebase_auth.zzep -> b.a.a.a.e.d.n2:
com.google.android.gms.internal.firebase_auth.zzew -> b.a.a.a.e.d.o2:
    java.lang.String zzg -> g
    long zzj -> j
    long zzi -> i
    java.lang.String zzh -> h
    com.google.firebase.auth.zzg zzl -> l
    boolean zzk -> k
    com.google.android.gms.internal.firebase_auth.zzfl zzf -> f
    java.lang.String zza -> a
    java.lang.String zzb -> b
    java.util.List zzm -> m
    boolean zzc -> c
    java.lang.String zze -> e
    java.lang.String zzd -> d
    long zzg() -> A
    long zzh() -> B
    boolean zzi() -> C
    java.util.List zzj() -> D
    com.google.firebase.auth.zzg zzl() -> E
    java.util.List zzm() -> F
    java.lang.String zza() -> f
    boolean zzb() -> g
    java.lang.String zzc() -> w
    java.lang.String zzd() -> x
    android.net.Uri zze() -> y
    java.lang.String zzf() -> z
com.google.android.gms.internal.firebase_auth.zzez -> b.a.a.a.e.d.p2:
com.google.android.gms.internal.firebase_auth.zzf -> b.a.a.a.e.d.q2:
    com.google.android.gms.internal.firebase_auth.zzg zzb -> a
    com.google.android.gms.internal.firebase_auth.zzg zza() -> a
com.google.android.gms.internal.firebase_auth.zzfe -> b.a.a.a.e.d.r2:
com.google.android.gms.internal.firebase_auth.zzff -> b.a.a.a.e.d.s2:
    java.lang.Long zzc -> c
    java.lang.String zza -> a
    java.lang.String zzb -> b
    java.lang.Long zze -> e
    java.lang.String zzd -> d
    java.lang.String zzh() -> A
    void zza(java.lang.String) -> a
    com.google.android.gms.internal.firebase_auth.zzff zzb(java.lang.String) -> b
    boolean zzb() -> g
    java.lang.String zzc() -> w
    java.lang.String zzd() -> x
    long zze() -> y
    long zzg() -> z
com.google.android.gms.internal.firebase_auth.zzfg -> b.a.a.a.e.d.t2:
com.google.android.gms.internal.firebase_auth.zzfh -> b.a.a.a.e.d.u2:
    java.lang.String zza -> a
    long zzd -> d
    java.lang.String zzc -> c
    java.lang.String zzb -> b
    java.lang.String zza() -> f
    java.lang.String zzb() -> g
    java.lang.String zzc() -> w
    long zzd() -> x
com.google.android.gms.internal.firebase_auth.zzfi -> b.a.a.a.e.d.v2:
com.google.android.gms.internal.firebase_auth.zzfj -> b.a.a.a.e.d.w2:
    java.lang.String zzg -> g
    java.lang.String zzf -> f
    java.lang.String zza -> a
    java.lang.String zzc -> c
    java.lang.String zzb -> b
    java.lang.String zze -> e
    java.lang.String zzd -> d
    java.lang.String zzg() -> A
    java.lang.String zza() -> f
    java.lang.String zzb() -> g
    android.net.Uri zzc() -> w
    java.lang.String zzd() -> x
    java.lang.String zze() -> y
    java.lang.String zzf() -> z
com.google.android.gms.internal.firebase_auth.zzfk -> b.a.a.a.e.d.x2:
com.google.android.gms.internal.firebase_auth.zzfl -> b.a.a.a.e.d.y2:
    java.util.List zza -> a
    com.google.android.gms.internal.firebase_auth.zzfl zza(com.google.android.gms.internal.firebase_auth.zzfl) -> a
    java.util.List zza() -> f
com.google.android.gms.internal.firebase_auth.zzfm -> b.a.a.a.e.d.z2:
    com.google.android.gms.internal.firebase_auth.zzfh zzd -> d
    java.lang.String zza -> a
    java.lang.String zzc -> c
    java.lang.String zzb -> b
com.google.android.gms.internal.firebase_auth.zzfo -> b.a.a.a.e.d.a3:
com.google.android.gms.internal.firebase_auth.zzfq -> b.a.a.a.e.d.b3:
com.google.android.gms.internal.firebase_auth.zzfr -> b.a.a.a.e.d.c3:
    java.lang.String zzf -> f
    long zzb -> b
    java.lang.String zza -> a
    boolean zzc -> c
    java.lang.String zze -> e
    java.lang.String zzd -> d